<?xml version="1.0" encoding="UTF-8"?>
<testng-results ignored="0" total="1" passed="1" failed="0" skipped="0">
  <reporter-output>
  </reporter-output>
  <suite started-at="2025-10-13T14:45:57 EDT" name="Default suite" finished-at="2025-10-13T14:46:05 EDT" duration-ms="8608">
    <groups>
    </groups>
    <test started-at="2025-10-13T14:45:57 EDT" name="Default test" finished-at="2025-10-13T14:46:05 EDT" duration-ms="8608">
      <class name="testNG_framework_practice.Annotation">
        <test-method is-config="true" signature="beforeClass()[pri:0, instance:testNG_framework_practice.Annotation@4c60d6e9]" started-at="2025-10-13T14:45:57 EDT" name="beforeClass" description="lunching browser" finished-at="2025-10-13T14:46:05 EDT" duration-ms="8287" status="PASS">
          <reporter-output>
          </reporter-output>
        </test-method> <!-- beforeClass -->
        <test-method signature="title()[pri:0, instance:testNG_framework_practice.Annotation@4c60d6e9]" started-at="2025-10-13T14:46:05 EDT" name="title" description="Title testing" finished-at="2025-10-13T14:46:05 EDT" duration-ms="31" status="PASS">
          <reporter-output>
          </reporter-output>
        </test-method> <!-- title -->
        <test-method is-config="true" signature="TearDown()[pri:0, instance:testNG_framework_practice.Annotation@4c60d6e9]" started-at="2025-10-13T14:46:05 EDT" name="TearDown" description="Closing browser" finished-at="2025-10-13T14:46:05 EDT" duration-ms="219" status="PASS">
          <reporter-output>
          </reporter-output>
        </test-method> <!-- TearDown -->
      </class> <!-- testNG_framework_practice.Annotation -->
    </test> <!-- Default test -->
  </suite> <!-- Default suite -->
</testng-results>
